0 info it worked if it ends with ok
1 verbose cli [ 'C:\\Program Files\\nodejs\\\\node.exe',
1 verbose cli   'C:\\Program Files\\nodejs\\node_modules\\npm\\bin\\npm-cli.js',
1 verbose cli   'install',
1 verbose cli   'grunt-contrit-sass',
1 verbose cli   '--save-dev' ]
2 info using npm@1.4.28
3 info using node@v0.10.32
4 verbose node symlink C:\Program Files\nodejs\\node.exe
5 warn package.json e-commerce@0.0.1 No description
6 warn package.json e-commerce@0.0.1 No repository field.
7 warn package.json e-commerce@0.0.1 No README data
8 verbose readDependencies using package.json deps
9 verbose cache add [ 'grunt-contrit-sass', null ]
10 verbose cache add name=undefined spec="grunt-contrit-sass" args=["grunt-contrit-sass",null]
11 verbose parsed url { protocol: null,
11 verbose parsed url   slashes: null,
11 verbose parsed url   auth: null,
11 verbose parsed url   host: null,
11 verbose parsed url   port: null,
11 verbose parsed url   hostname: null,
11 verbose parsed url   hash: null,
11 verbose parsed url   search: null,
11 verbose parsed url   query: null,
11 verbose parsed url   pathname: 'grunt-contrit-sass',
11 verbose parsed url   path: 'grunt-contrit-sass',
11 verbose parsed url   href: 'grunt-contrit-sass' }
12 silly lockFile cee182db-grunt-contrit-sass grunt-contrit-sass
13 verbose lock grunt-contrit-sass C:\Users\Julien\AppData\Roaming\npm-cache\cee182db-grunt-contrit-sass.lock
14 silly lockFile cee182db-grunt-contrit-sass grunt-contrit-sass
15 silly lockFile cee182db-grunt-contrit-sass grunt-contrit-sass
16 verbose addNamed [ 'grunt-contrit-sass', '' ]
17 verbose addNamed [ null, '*' ]
18 silly lockFile 82ba737d-grunt-contrit-sass grunt-contrit-sass@
19 verbose lock grunt-contrit-sass@ C:\Users\Julien\AppData\Roaming\npm-cache\82ba737d-grunt-contrit-sass.lock
20 silly addNameRange { name: 'grunt-contrit-sass', range: '*', hasData: false }
21 verbose request where is /grunt-contrit-sass
22 verbose request registry https://registry.npmjs.org/
23 verbose request id 7f2f4a4a377dd235
24 verbose url raw /grunt-contrit-sass
25 verbose url resolving [ 'https://registry.npmjs.org/', './grunt-contrit-sass' ]
26 verbose url resolved https://registry.npmjs.org/grunt-contrit-sass
27 verbose request where is https://registry.npmjs.org/grunt-contrit-sass
28 info trying registry request attempt 1 at 09:14:26
29 http GET https://registry.npmjs.org/grunt-contrit-sass
30 http 404 https://registry.npmjs.org/grunt-contrit-sass
31 verbose headers { date: 'Wed, 03 Dec 2014 08:14:27 GMT',
31 verbose headers   server: 'CouchDB/1.5.0 (Erlang OTP/R16B03)',
31 verbose headers   'content-type': 'application/json',
31 verbose headers   'cache-control': 'max-age=0',
31 verbose headers   'content-length': '52',
31 verbose headers   'accept-ranges': 'bytes',
31 verbose headers   via: '1.1 varnish',
31 verbose headers   age: '0',
31 verbose headers   'x-served-by': 'cache-ams4142-AMS',
31 verbose headers   'x-cache': 'MISS',
31 verbose headers   'x-cache-hits': '0',
31 verbose headers   'x-timer': 'S1417594467.238100,VS0,VE678',
31 verbose headers   'keep-alive': 'timeout=10, max=50',
31 verbose headers   connection: 'Keep-Alive' }
32 silly registry.get cb [ 404,
32 silly registry.get   { date: 'Wed, 03 Dec 2014 08:14:27 GMT',
32 silly registry.get     server: 'CouchDB/1.5.0 (Erlang OTP/R16B03)',
32 silly registry.get     'content-type': 'application/json',
32 silly registry.get     'cache-control': 'max-age=0',
32 silly registry.get     'content-length': '52',
32 silly registry.get     'accept-ranges': 'bytes',
32 silly registry.get     via: '1.1 varnish',
32 silly registry.get     age: '0',
32 silly registry.get     'x-served-by': 'cache-ams4142-AMS',
32 silly registry.get     'x-cache': 'MISS',
32 silly registry.get     'x-cache-hits': '0',
32 silly registry.get     'x-timer': 'S1417594467.238100,VS0,VE678',
32 silly registry.get     'keep-alive': 'timeout=10, max=50',
32 silly registry.get     connection: 'Keep-Alive' } ]
33 silly lockFile 82ba737d-grunt-contrit-sass grunt-contrit-sass@
34 silly lockFile 82ba737d-grunt-contrit-sass grunt-contrit-sass@
35 error 404 404 Not Found: grunt-contrit-sass
35 error 404
35 error 404 'grunt-contrit-sass' is not in the npm registry.
35 error 404 You should bug the author to publish it
35 error 404 It was specified as a dependency of 'e-commerce'
35 error 404
35 error 404 Note that you can also install from a
35 error 404 tarball, folder, or http url, or git url.
36 error System Windows_NT 6.2.9200
37 error command "C:\\Program Files\\nodejs\\\\node.exe" "C:\\Program Files\\nodejs\\node_modules\\npm\\bin\\npm-cli.js" "install" "grunt-contrit-sass" "--save-dev"
38 error cwd C:\Users\Julien\Documents\infographie 3\e-commerce
39 error node -v v0.10.32
40 error npm -v 1.4.28
41 error code E404
42 verbose exit [ 1, true ]
